<?xml version="1.0" encoding="UTF-8"?>
<!-- Generated by org.testng.reporters.JUnitReportReporter -->
<testsuite hostname="LAPTOP-T7Q1UKLJ" failures="0" tests="1" name="iFramesPracticeGuru99.IFrames" time="7.524" errors="0" timestamp="2020-06-24T16:28:24 EDT" skipped="0">
  <testcase classname="iFramesPracticeGuru99.IFrames" name="iFrameApp" time="7.524"/>
  <system-out/>
</testsuite> <!-- iFramesPracticeGuru99.IFrames -->
