<?xml version="1.0" encoding="UTF-8"?>
<!-- Generated by org.testng.reporters.JUnitReportReporter -->
<testsuite hostname="LAPTOP-T7Q1UKLJ" failures="0" tests="1" name="firstSeleniumTest.TestCase1" time="0.008" errors="0" timestamp="2020-05-28T12:45:51 EDT" skipped="0">
  <testcase classname="firstSeleniumTest.TestCase1" name="launch" time="0.008"/>
  <system-out/>
</testsuite> <!-- firstSeleniumTest.TestCase1 -->
