<?xml version="1.0" encoding="UTF-8"?>
<!-- Generated by org.testng.reporters.JUnitReportReporter -->
<testsuite hostname="LAPTOP-T7Q1UKLJ" failures="0" tests="1" name="org.iit.mmp.patiengtmodule.tests.RegisterAccountTest" time="9.245" errors="0" timestamp="2020-07-22T17:39:59 EDT" skipped="0">
  <testcase classname="org.iit.mmp.patiengtmodule.tests.RegisterAccountTest" name="registerAccount" time="9.245"/>
  <system-out/>
</testsuite> <!-- org.iit.mmp.patiengtmodule.tests.RegisterAccountTest -->
