<?xml version="1.0" encoding="UTF-8"?>
<!-- Generated by org.testng.reporters.JUnitReportReporter -->
<testsuite hostname="LAPTOP-T7Q1UKLJ" failures="0" tests="1" name="org.iit.mmp.tests.PatientProfileTest" time="41.353" errors="0" timestamp="2020-07-12T22:40:45 EDT" skipped="0">
  <testcase classname="org.iit.mmp.tests.PatientProfileTest" name="editPatientDetail" time="41.353"/>
  <system-out/>
</testsuite> <!-- org.iit.mmp.tests.PatientProfileTest -->
