<?xml version="1.0" encoding="UTF-8"?>
<!-- Generated by org.testng.reporters.JUnitReportReporter -->
<testsuite hostname="LAPTOP-T7Q1UKLJ" failures="0" tests="1" name="mmp.ViewReports" time="6.615" errors="0" timestamp="2020-07-11T13:16:55 EDT" skipped="0">
  <testcase classname="mmp.ViewReports" name="viewReport" time="6.615"/>
  <system-out/>
</testsuite> <!-- mmp.ViewReports -->
