<?xml version="1.0" encoding="UTF-8"?>
<!-- Generated by org.testng.reporters.JUnitReportReporter -->
<testsuite hostname="LAPTOP-T7Q1UKLJ" failures="0" tests="1" name="mmp.RegisterAccount" time="13.637" errors="0" timestamp="2020-07-09T13:55:46 EDT" skipped="0">
  <testcase classname="mmp.RegisterAccount" name="TC_RegisterPatientAccount" time="13.637"/>
  <system-out/>
</testsuite> <!-- mmp.RegisterAccount -->
