<?xml version="1.0" encoding="UTF-8"?>
<!-- Generated by org.testng.reporters.JUnitReportReporter -->
<testsuite hostname="LAPTOP-T7Q1UKLJ" failures="0" tests="1" name="org.iit.mmp.patiengtmodule.tests.EditProfileTest" time="20.434" errors="0" timestamp="2020-07-23T21:40:08 EDT" skipped="0">
  <testcase classname="org.iit.mmp.patiengtmodule.tests.EditProfileTest" name="editPatientDetail" time="20.434"/>
  <system-out/>
</testsuite> <!-- org.iit.mmp.patiengtmodule.tests.EditProfileTest -->
