<?xml version="1.0" encoding="UTF-8"?>
<!-- Generated by org.testng.reporters.JUnitReportReporter -->
<testsuite hostname="LAPTOP-T7Q1UKLJ" failures="0" tests="1" name="org.iit.mmp.patiengtmodule.tests.PatientLogin" time="18.024" errors="0" timestamp="2020-07-19T10:39:14 EDT" skipped="0">
  <testcase classname="org.iit.mmp.patiengtmodule.tests.PatientLogin" name="loginPage" time="18.024"/>
  <system-out/>
</testsuite> <!-- org.iit.mmp.patiengtmodule.tests.PatientLogin -->
