<?xml version="1.0" encoding="UTF-8"?>
<!-- Generated by org.testng.reporters.JUnitReportReporter -->
<testsuite hostname="LAPTOP-T7Q1UKLJ" failures="0" tests="2" name="mmp.SearchSamptons" time="7.172" errors="0" timestamp="2020-07-11T13:18:39 EDT" skipped="0">
  <testcase classname="mmp.SearchSamptons" name="validSearchSymptoms" time="5.990"/>
  <system-out/>
  <testcase classname="mmp.SearchSamptons" name="inValidSearchSymptoms" time="1.182"/>
  <system-out/>
</testsuite> <!-- mmp.SearchSamptons -->
