<?xml version="1.0" encoding="UTF-8"?>
<!-- Generated by org.testng.reporters.JUnitReportReporter -->
<testsuite hostname="LAPTOP-T7Q1UKLJ" failures="0" tests="1" name="mmp.PatientLogin" time="19.876" errors="0" timestamp="2020-07-12T19:55:37 EDT" skipped="0">
  <testcase classname="mmp.PatientLogin" name="loginPage" time="19.876"/>
  <system-out/>
</testsuite> <!-- mmp.PatientLogin -->
