<?xml version="1.0" encoding="UTF-8"?>
<!-- Generated by org.testng.reporters.JUnitReportReporter -->
<testsuite hostname="LAPTOP-T7Q1UKLJ" failures="0" tests="1" name="org.iit.mmp.patiengtmodule.tests.ViewReportsTest" time="20.956" errors="0" timestamp="2020-07-23T21:00:44 EDT" skipped="0">
  <testcase classname="org.iit.mmp.patiengtmodule.tests.ViewReportsTest" name="viewReport" time="20.956"/>
  <system-out/>
</testsuite> <!-- org.iit.mmp.patiengtmodule.tests.ViewReportsTest -->
